memory profiling: line profiling: sample.interval=20000
#File 1: /Users/hoy/Desktop/MSUWC/Scripts/msuwcRouting/R/streamTemp.r
:5178307:220162230:425577936:5651:1#340 "StreamTemp" 
:5213246:220279379:432982984:4196:"nargs" "[.data.frame" 1#206 "[" 1#206 "StreamTemp" 
:5273883:220462762:446467224:7490:"match" "%in%" "[.data.frame" 1#132 "[" 1#132 "StreamTemp" 
:5312660:220589910:454750240:4508:"is.nan" 1#213 "FUN" 1#213 "lapply" "sapply" 1#213 "StreamTemp" 
:5352612:220717522:463034768:4589:"structure" ".POSIXct" "Sys.time" "format" 1#356 "StreamTemp" 
:5353786:220437603:463335712:206:"[[.data.frame" "[[" "[.data.frame" "[" "rownames" "<Anonymous>" "format" 1#123 "StreamTemp" 
:3740581:219446974:207321296:6303:"[.data.frame" 1#131 "[" 1#131 "StreamTemp" 
:3776004:219561615:214676280:4100:1#206 "StreamTemp" 
:3816557:219676010:223664840:5055:".subset" "[.data.frame" 1#131 "[" 1#131 "StreamTemp" 
:3866231:219838674:234456992:5768:"match" "%in%" "[[.data.frame" "[[" "$.data.frame" 1#140 "$" 1#140 "StreamTemp" 
:3901509:219952896:241777760:4073:"[.data.frame" 1#160 "[" 1#160 "StreamTemp" 
:3967189:220150878:256442872:7980:"%in%" "[.data.frame" 1#132 "[" 1#132 "StreamTemp" 
:4002846:220265938:263856264:4115:"[.data.frame" 1#131 "[" 1#131 "StreamTemp" 
:4067752:220461621:278335680:7902:"[.data.frame" 1#142 "[" 1#142 "StreamTemp" 
:4103508:220577723:285796672:4148:"match" "%in%" "[.data.frame" "[" "[.data.frame" 1#206 "[" 1#206 "StreamTemp" 
:4139743:220677508:293709360:4549:1#151 "StreamTemp" 
:4187418:220835116:304249568:5539:"[.data.frame" 1#160 "[" 1#160 "StreamTemp" 
:4240652:221006242:315306936:6144:".subset" "[.data.frame" 1#143 "[" 1#143 "StreamTemp" 
:4286757:221141478:325822896:5722:1#185 "StreamTemp" 
:4323021:221259034:333445728:4199:"unique" "simplify2array" "sapply" 1#213 "StreamTemp" 
:4382308:221434486:346459176:7218:"length" "length" "[.data.frame" 1#131 "[" 1#131 "StreamTemp" 
:4425991:221577514:355870984:5072:1#341 "StreamTemp" 
:4467340:221709310:364411488:4749:"print.default" "print" 1#357 "StreamTemp" 
:4521039:221870785:376611480:6630:"[.data.frame" 1#206 "[" 1#206 "StreamTemp" 
:4573212:222038250:387451232:6007:1#341 "StreamTemp" 
:4633097:222218658:400909600:7331:"lapply" "unlist" "unique" "simplify2array" "sapply" 1#213 "StreamTemp" 
:4672537:222345432:409104136:4549:1#204 "[" 1#204 "StreamTemp" 
:4735243:222533796:423108056:7637:"names" "names" "[.data.frame" 1#160 "[" 1#160 "StreamTemp" 
:4770659:222648014:430512096:4096:1#136 "StreamTemp" 
:4830086:222824714:443579752:7240:"length" "[.data.frame" 1#131 "[" 1#131 "StreamTemp" 
:4887349:223010844:455761096:6637:"names" "names" "[.data.frame" 1#143 "[" 1#143 "StreamTemp" 
:4921750:223105182:463335712:4341:"names" "[.data.frame" 1#132 "[" 1#132 "StreamTemp" 
:3724030:219404738:203355096:4024:"names" "names" "[.data.frame" 1#143 "[" 1#143 "StreamTemp" 
:3778210:219580036:214665976:6259:"[.data.frame" 1#204 "[" 1#204 "StreamTemp" 
:3843090:219775926:229164880:7891:1#341 "StreamTemp" 
:3878633:219890567:236540024:4114:"[.data.frame" 1#206 "[" 1#206 "StreamTemp" 
:3942318:220081878:250665576:7742:1#268 "ifelse" 1#268 "StreamTemp" 
:3997621:220260928:262284456:6398:"[.data.frame" 1#160 "[" 1#160 "StreamTemp" 
:4062460:220456818:276758216:7888:"sapply" 1#213 "StreamTemp" 
:4098153:220571878:284187960:4125:"lapply" "unlist" "unique" "simplify2array" "sapply" 1#213 "StreamTemp" 
:4160512:220758182:297959144:7583:1#284 "StreamTemp" 
:4217358:220942658:309957088:6578:"c" "lapply" "sapply" 1#213 "StreamTemp" 
:4282435:221138552:324465792:7908:"match" "%in%" "[.data.frame" 1#160 "[" 1#160 "StreamTemp" 
:4317937:221253606:331895312:4118:"[.data.frame" 1#143 "[" 1#143 "StreamTemp" 
:4353018:221351617:339598224:4391:"strptime" "charToDate" "as.Date.character" "as.Date" "as.Date.yearmon" "as.Date" "format" "format.yearmon" "format" 1#123 "StreamTemp" 
:4416547:221558279:353389960:7400:"[.data.frame" "[" "[.data.frame" 1#206 "[" 1#206 "StreamTemp" 
:4451067:221669364:360550848:3978:"==" "[.data.frame" 1#206 "[" 1#206 "StreamTemp" 
:4515332:221862952:374926944:7820:"[.data.frame" 1#142 "[" 1#142 "StreamTemp" 
:4550260:221975502:382168024:4023:1#287 "StreamTemp" 
:4613112:222164294:396160464:7657:"[.data.frame" 1#160 "[" 1#160 "StreamTemp" 
:4648260:222278500:403569544:4081:"[.data.frame" "[" "[.data.frame" 1#204 "[" 1#204 "StreamTemp" 
:4683138:222388122:410745552:3996:"paste" "message" 1#361 "StreamTemp" 
:4747607:222585266:425223736:7863:1#131 "[" 1#131 "StreamTemp" 
:4794094:222733798:434837368:5349:"print.default" "print" 1#357 "StreamTemp" 
:4844459:222884289:446340664:6242:"==" "[.data.frame" 1#204 "[" 1#204 "StreamTemp" 
:4881473:223003533:454033496:4275:"==" "[.data.frame" 1#204 "[" 1#204 "StreamTemp" 
:4923534:223122738:463335712:5226:"[.data.frame" 1#132 "[" 1#132 "StreamTemp" 
:3717753:219383107:201866616:3242:"ifelse" 1#290 "StreamTemp" 
:3753853:219499837:209392120:4180:"[.data.frame" 1#160 "[" 1#160 "StreamTemp" 
:3814368:219679877:222732664:7365:1#341 "StreamTemp" 
:3854317:219810368:231278040:4646:"[.data.frame" "[" "[.data.frame" 1#206 "[" 1#206 "StreamTemp" 
:3889402:219923336:238560336:4041:"sys.call" "match" "%in%" "[.data.frame" 1#206 "[" 1#206 "StreamTemp" 
:3954977:220120899:253200976:7971:"%in%" "[[.data.frame" "[[" "$.data.frame" 1#140 "$" 1#140 "StreamTemp" 
:3990299:220235435:260541680:4089:"[.data.frame" 1#204 "[" 1#204 "StreamTemp" 
:4055271:220431011:275048144:7892:"[.data.frame" 1#132 "[" 1#132 "StreamTemp" 
:4090957:220546071:282471280:4127:"[.data.frame" 1#132 "[" 1#132 "StreamTemp" 
:4153575:220734043:296321872:7625:1#146 "StreamTemp" 
:4192317:220860367:304551128:4492:"unique.default" "unique" "simplify2array" "sapply" 1#213 "StreamTemp" 
:4227464:220973125:311829336:4047:"==" "[.data.frame" 1#206 "[" 1#206 "StreamTemp" 
:4275275:221113995:322782432:5918:"ifelse" 1#290 "StreamTemp" 
:4328295:221284910:333805528:6130:"==" "[.data.frame" 1#204 "[" 1#204 "StreamTemp" 
:4391606:221475988:347977616:7717:"length" "length" "[.data.frame" 1#206 "[" 1#206 "StreamTemp" 
:4426630:221588537:355251848:4039:"[.data.frame" 1#204 "[" 1#204 "StreamTemp" 
:4488042:221772325:368866568:7484:1#146 "StreamTemp" 
:4542862:221949695:380422504:6328:1#131 "[.data.frame" 1#131 "[" 1#131 "StreamTemp" 
:4582247:222060735:389188688:4932:"[.data.frame" 1#132 "[" 1#132 "StreamTemp" 
:4624864:222201231:398474160:4953:"ifelse" 1#266 "StreamTemp" 
:4659894:222313780:405739488:4040:"[.data.frame" "[" "[.data.frame" 1#206 "[" 1#206 "StreamTemp" 
:4711782:222466603:417399640:6378:"[.data.frame" 1#132 "[" 1#132 "StreamTemp" 
:4758006:222616779:427157080:5355:"match" "%in%" "[.data.frame" 1#160 "[" 1#160 "StreamTemp" 
:4818806:222798485:440583192:7409:"ifelse" 1#266 "StreamTemp" 
:4857115:222923544:448765184:4447:"[.data.frame" 1#204 "[" 1#204 "StreamTemp" 
:4892003:223034839:455999824:4008:"[.data.frame" 1#132 "[" 1#132 "StreamTemp" 
:4923903:223122843:463335712:4072:"[.data.frame" 1#132 "[" 1#132 "StreamTemp" 
:3728458:219416292:203896168:4444:1#213 "StreamTemp" 
:3764134:219530723:211303624:4110:"==" "[.data.frame" 1#204 "[" 1#204 "StreamTemp" 
:3828982:219726404:225800400:7886:"[.data.frame" 1#131 "[" 1#131 "StreamTemp" 
:3881874:219896692:236778696:6107:"match" "%in%" "[.data.frame" 1#160 "[" 1#160 "StreamTemp" 
:3947808:220096555:251497064:8029:"==" "[.data.frame" 1#204 "[" 1#204 "StreamTemp" 
:3997140:220254084:261713200:5669:"print.default" "print" 1#357 "StreamTemp" 
:4047494:220404366:273214872:6241:"[.data.frame" "[" "[.data.frame" 1#204 "[" 1#204 "StreamTemp" 
:4083719:220521100:280744800:4182:1#145 "StreamTemp" 
:4121966:220627976:289188424:4784:"[.data.frame" 1#131 "[" 1#131 "StreamTemp" 
:4167358:220777657:299129488:5281:"[.data.frame" "[" "[.data.frame" 1#206 "[" 1#206 "StreamTemp" 
:4203045:220892717:306549880:4121:"[.data.frame" 1#206 "[" 1#206 "StreamTemp" 
:4244666:221011272:315875784:5182:1#132 "[.data.frame" 1#132 "[" 1#132 "StreamTemp" 
:4293562:221171449:326385640:5683:"[.data.frame" "[" "[.data.frame" 1#206 "[" 1#206 "StreamTemp" 
:4331160:221291112:334160680:4309:"print.default" "print" 1#357 "StreamTemp" 
:4384991:221452692:346391864:6637:"==" 1#296 "StreamTemp" 
:4418709:221561476:353392312:3895:"unlist" "unique" "simplify2array" "sapply" 1#213 "StreamTemp" 
:4480077:221744842:367007200:7477:1#149 "StreamTemp" 
:4517191:221865312:374887632:4297:1#132 "[" 1#132 "StreamTemp" 
:4551781:221976188:382059216:3987:".subset2" "<Anonymous>" "[[.data.frame" "[[" "$.data.frame" 1#140 "$" 1#140 "StreamTemp" 
:4616331:222171240:396486832:7857:1#138 "StreamTemp" 
:4665257:222328140:406621824:5633:"print.default" "print" 1#357 "StreamTemp" 
:4713740:222472565:417733736:6023:"names" "names" "[.data.frame" 1#206 "[" 1#206 "StreamTemp" 
:4748595:222584696:424986744:4025:1#152 "StreamTemp" 
:4808767:222763478:438260368:7326:"[[" "$.data.frame" 1#140 "$" 1#140 "StreamTemp" 
:4847525:222889788:446560520:4498:"[.data.frame" 1#142 "[" 1#142 "StreamTemp" 
:4887987:223019492:454929216:4650:"print.default" "print" 1#357 "StreamTemp" 
:4924196:223122948:463335712:4589:"sys.call" "match" "%in%" "[.data.frame" 1#132 "[" 1#132 "StreamTemp" 
:3707768:219346553:199390296:1997:"names" "names" "[.data.frame" 1#142 "[" 1#142 "StreamTemp" 
:3743713:219463286:206857224:4158:"[" 1#204 "StreamTemp" 
:3806679:219652081:220853640:7661:1#146 "StreamTemp" 
:3843646:219771725:228641392:4274:"[.data.frame" 1#131 "[" 1#131 "StreamTemp" 
:3902140:219945089:241453296:7139:1#153 "StreamTemp" 
:3943874:220081837:250488280:4842:"nargs" "[.data.frame" 1#131 "[" 1#131 "StreamTemp" 
:3978508:220192713:257661096:3990:1#136 "StreamTemp" 
:4043087:220388183:272102376:7871:"[.data.frame" 1#142 "[" 1#142 "StreamTemp" 
:4078676:220502825:279482168:4099:1#337 "StreamTemp" 
:4143554:220698305:293930392:7890:"[.data.frame" 1#131 "[" 1#131 "StreamTemp" 
:4183966:220829568:302381296:4691:"[.data.frame" 1#206 "[" 1#206 "StreamTemp" 
:4240609:220996329:314884528:6910:"%in%" "[[.data.frame" "[[" "$.data.frame" 1#140 "$" 1#140 "StreamTemp" 
:4280829:221128487:323532048:4681:"[.data.frame" 1#204 "[" 1#204 "StreamTemp" 
:4316003:221241664:330830584:4055:"==" "[.data.frame" 1#204 "[" 1#204 "StreamTemp" 
:4380565:221436507:345256240:7854:"names" "names" "[.data.frame" 1#204 "[" 1#204 "StreamTemp" 
:4415552:221549057:352524704:4038:1#145 "StreamTemp" 
:4479411:221741603:366778664:7768:"ifelse" 1#268 "StreamTemp" 
:4514737:221855822:374155320:4097:"match" "%in%" "[.data.frame" "[" "[.data.frame" 1#206 "[" 1#206 "StreamTemp" 
:4549983:221952996:381877608:4429:"match" "%in%" "structure" ".POSIXct" "as.POSIXct.POSIXlt" "as.POSIXct" "is.na.POSIXlt" "is.na" "is.na" "charToDate" "as.Date.character" "as.Date" "as.Date.numeric" "as.Date" "as.Date.yearmon" "as.Date" "format" "format.yearmon" "format" 1#123 "StreamTemp" 
:4613009:222159658:395601640:7327:"sys.call" "match" "%in%" "[.data.frame" 1#206 "[" 1#206 "StreamTemp" 
:4647771:222270953:402819648:3994:"length" "length" "[.data.frame" 1#131 "[" 1#131 "StreamTemp" 
:4705712:222444980:415854600:7102:"[.data.frame" 1#206 "[" 1#206 "StreamTemp" 
:4746598:222576671:424356912:4723:"==" "[.data.frame" 1#206 "[" 1#206 "StreamTemp" 
:4787547:222692941:433465200:5110:"[.data.frame" 1#143 "[" 1#143 "StreamTemp" 
:4833111:222842537:443364152:5290:"[.data.frame" 1#204 "[" 1#204 "StreamTemp" 
:4879217:222989501:452905096:5292:"print.default" "print" 1#357 "StreamTemp" 
:4924533:223123053:463335712:5642:"[.data.frame" 1#131 "[" 1#131 "StreamTemp" 
:4924533:222949451:463335712:0:"[.data.frame" 1#131 "[" 1#131 "StreamTemp" 
:3734724:219431622:204785224:5060:"[.data.frame" 1#132 "[" 1#132 "StreamTemp" 
:3798374:219623762:218935640:7755:".subset" "[.data.frame" 1#160 "[" 1#160 "StreamTemp" 
:3835055:219742570:226662016:4250:"[.data.frame" 1#143 "[" 1#143 "StreamTemp" 
:3890387:219905275:238770560:6763:"[.data.frame" 1#160 "[" 1#160 "StreamTemp" 
:3932927:220044941:248007256:4944:"==" "[.data.frame" 1#204 "[" 1#204 "StreamTemp" 
:3967898:220157282:255265864:4029:"[.data.frame" 1#143 "[" 1#143 "StreamTemp" 
:4032590:220352961:269726856:7882:"==" "[.data.frame" 1#204 "[" 1#204 "StreamTemp" 
:4067914:220466558:277066832:4070:1#338 "StreamTemp" 
:4130743:220655147:291024888:7657:"[.data.frame" 1#143 "[" 1#143 "StreamTemp" 
:4168016:220776670:298887624:4324:1#213 "FUN" 1#213 "lapply" "sapply" 1#213 "StreamTemp" 
:4227407:220952544:311892056:7233:1#185 "StreamTemp" 
:4278684:221120254:322899696:5953:1#213 "lapply" "sapply" 1#213 "StreamTemp" 
:4313652:221231130:330125040:4004:"print.default" "print" 1#357 "StreamTemp" 
:4368156:221394802:342502944:6712:1#343 "StreamTemp" 
:4403136:221507770:349761048:4045:"unique" "simplify2array" "sapply" 1#213 "StreamTemp" 
:4465495:221694474:363634656:7595:"[.data.frame" 1#142 "[" 1#142 "StreamTemp" 
:4519359:221868926:374934560:6232:".subset" "[.data.frame" 1#143 "[" 1#143 "StreamTemp" 
:4583595:222062723:389281648:7817:"names" "names" "[.data.frame" "[" "[.data.frame" 1#206 "[" 1#206 "StreamTemp" 
:4618169:222174018:396486384:3986:"match" "%in%" "[.data.frame" 1#131 "[" 1#131 "StreamTemp" 
:4651324:222268681:403850104:4166:"rep.Date" "rep" "ifelse" "as.yearmon.character" "<Anonymous>" "format" 1#123 "StreamTemp" 
:4698553:222420114:414199688:5528:1#146 "StreamTemp" 
:4733693:222533291:421498896:4054:"[.data.frame" 1#160 "[" 1#160 "StreamTemp" 
:4795424:222718126:435174432:7525:".subset" "[.data.frame" 1#143 "[" 1#143 "StreamTemp" 
:4833199:222841102:443207072:4380:"[.data.frame" 1#143 "[" 1#143 "StreamTemp" 
:4867976:222953129:450413544:4009:"==" "[.data.frame" 1#206 "[" 1#206 "StreamTemp" 
:4925204:223124436:463335712:7016:"all" "[.data.frame" 1#204 "[" 1#204 "StreamTemp" 
:3708838:219347843:199340232:2045:"==" "[.data.frame" 1#206 "[" 1#206 "StreamTemp" 
:3747708:219471481:207380432:4456:"print.default" "print" 1#357 "StreamTemp" 
:3799649:219626785:219223984:6413:"%in%" "[.data.frame" 1#131 "[" 1#131 "StreamTemp" 
:3844475:219771133:228521776:5174:1#293 "StreamTemp" 
:3886943:219893025:238078960:5295:"nargs" "[.data.frame" 1#132 "[" 1#132 "StreamTemp" 
:3927981:220027689:246919904:4777:".subset" "[.data.frame" 1#143 "[" 1#143 "StreamTemp" 
:3962722:220139402:254116856:4002:"[.data.frame" 1#206 "[" 1#206 "StreamTemp" 
:4027948:220336546:268682400:7938:"[" "[.data.frame" 1#206 "[" 1#206 "StreamTemp" 
:4062091:220445749:275781296:3931:"match" "%in%" "[.data.frame" 1#142 "[" 1#142 "StreamTemp" 
:4127105:220642061:290271352:7907:"[[.data.frame" "[[" "$.data.frame" 1#140 "$" 1#140 "StreamTemp" 
:4162859:220757953:297750376:4142:"sys.call" "match" "%in%" "[.data.frame" 1#132 "[" 1#132 "StreamTemp" 
:4210046:220893687:308084728:5821:"$.data.frame" 1#140 "$" 1#140 "StreamTemp" 
:4263697:221070157:319701760:6231:"ifelse" 1#266 "StreamTemp" 
:4298565:221182287:326946704:4026:"[.data.frame" 1#204 "[" 1#204 "StreamTemp" 
:4362009:221373993:341130272:7730:1#206 "StreamTemp" 
:4396987:221486332:348401760:4035:"==" "[.data.frame" 1#204 "[" 1#204 "StreamTemp" 
:4461146:221679089:362715136:7796:1#140 "$" 1#140 "StreamTemp" 
:4501247:221809415:371085288:4653:"==" "[.data.frame" 1#206 "[" 1#206 "StreamTemp" 
:4555806:221969589:383149032:6673:"$.data.frame" 1#140 "$" 1#140 "StreamTemp" 
:4612041:222153209:395128384:6520:1#268 "StreamTemp" 
:4673173:222335329:408649584:7440:"length" "length" "[.data.frame" 1#132 "[" 1#132 "StreamTemp" 
:4711481:222460600:416810576:4451:"==" "[.data.frame" 1#204 "[" 1#204 "StreamTemp" 
:4749803:222582565:424732728:4394:"print.default" "print" 1#357 "StreamTemp" 
:4810612:222766947:438417280:7455:"==" "[.data.frame" 1#206 "[" 1#206 "StreamTemp" 
:4861136:222928241:448886312:5806:"print.default" "print" 1#357 "StreamTemp" 
:4908939:223070364:459855648:5942:"==" "[.data.frame" 1#204 "[" 1#204 "StreamTemp" 
:4925611:223124129:463335712:1931:1#152 "StreamTemp" 
:3713066:219360604:200156880:2494:"==" "[.data.frame" 1#204 "[" 1#204 "StreamTemp" 
:3775968:219549201:214105976:7650:1#342 "StreamTemp" 
:3813677:219671345:222097008:4374:"[[.data.frame" "[[" "$.data.frame" 1#140 "$" 1#140 "StreamTemp" 
:3848758:219784313:229352088:4032:1#287 "StreamTemp" 
:3914328:219983339:244024592:8004:"==" "[.data.frame" 1#206 "[" 1#206 "StreamTemp" 
:3955024:220114089:252483224:4693:1#146 "StreamTemp" 
:4005837:220264379:264021072:6255:1#343 "StreamTemp" 
:4041232:220379328:271414192:4113:"==" "[.data.frame" 1#206 "[" 1#206 "StreamTemp" 
:4096969:220543175:283657080:6809:"match" "%in%" "[.data.frame" 1#160 "[" 1#160 "StreamTemp" 
:4138619:220679503:292674592:4841:"names" "names" "[.data.frame" 1#143 "[" 1#143 "StreamTemp" 
:4173849:220793307:299980576:4060:"[.data.frame" 1#160 "[" 1#160 "StreamTemp" 
:4239136:220990660:314563368:7949:"==" "[.data.frame" 1#204 "[" 1#204 "StreamTemp" 
:4274453:221104257:321885144:4066:"simplify2array" "sapply" 1#213 "StreamTemp" 
:4338077:221295555:336070392:7751:"[.data.frame" 1#142 "[" 1#142 "StreamTemp" 
:4391090:221466669:347154808:6126:"[.data.frame" 1#132 "[" 1#132 "StreamTemp" 
:4455245:221660465:361486272:7811:"%in%" "[.data.frame" 1#160 "[" 1#160 "StreamTemp" 
:4496133:221792261:369990824:4728:"length" "length" "[.data.frame" 1#160 "[" 1#160 "StreamTemp" 
:4548505:221946361:381639552:6429:"[.data.frame" 1#131 "[" 1#131 "StreamTemp" 
:4594990:222097353:391555696:5391:"[.data.frame" 1#142 "[" 1#142 "StreamTemp" 
:4629528:222206137:398668816:3981:"cat" "defaultHandler" "doWithOneRestart" "withOneRestart" "withRestarts" "message" 1#361 "StreamTemp" 
:4694173:222404744:413186928:7886:"==" "[.data.frame" 1#204 "[" 1#204 "StreamTemp" 
:4728778:222516144:420360864:3989:"[.data.frame" 1#206 "[" 1#206 "StreamTemp" 
:4792654:222708790:434657552:7784:"[.data.frame" "[" "[.data.frame" 1#206 "[" 1#206 "StreamTemp" 
:4827528:222820921:441905520:4019:1#153 "StreamTemp" 
:4889504:223006797:455654640:7553:"[.data.frame" 1#143 "[" 1#143 "StreamTemp" 
:4925723:223123921:463335712:4192:"<Anonymous>" "[[.data.frame" "[[" "$.data.frame" 1#140 "$" 1#140 "StreamTemp" 
:4925723:223123921:463335712:0:"<Anonymous>" "[[.data.frame" "[[" "$.data.frame" 1#140 "$" 1#140 "StreamTemp" 
:3728828:219410290:203379008:4279:"print.default" "print" 1#357 "StreamTemp" 
:3783727:219575635:215833016:6769:1#204 "StreamTemp" 
:3818722:219688184:223105064:4037:1#185 "StreamTemp" 
:3875354:219855660:235700808:6924:"%in%" "[.data.frame" 1#142 "[" 1#142 "StreamTemp" 
:3918649:219997042:244890856:5018:1#337 "StreamTemp" 
:3977903:220172494:257889128:7219:1#132 "[.data.frame" 1#132 "[" 1#132 "StreamTemp" 
:4018684:220306525:266692664:4747:"==" "[.data.frame" 1#204 "[" 1#204 "StreamTemp" 
:4053832:220419493:273983864:4050:"==" "[.data.frame" 1#204 "[" 1#204 "StreamTemp" 
:4115777:220606282:287873824:7563:"[.data.frame" 1#204 "[" 1#204 "StreamTemp" 
:4154231:220730024:295853768:4436:"==" "[.data.frame" 1#206 "[" 1#206 "StreamTemp" 
:4219161:220925292:310332904:7891:"%in%" "[[.data.frame" "[[" "$.data.frame" 1#140 "$" 1#140 "StreamTemp" 
:4254956:221041809:317821448:4157:"==" "[.data.frame" 1#204 "[" 1#204 "StreamTemp" 
:4315038:221220390:331039744:7318:1#147 "StreamTemp" 
:4354685:221350458:339559584:4608:"lapply" "sapply" 1#213 "StreamTemp" 
:4389153:221461124:346711288:3973:"==" "[.data.frame" 1#206 "[" 1#206 "StreamTemp" 
:4453610:221655548:361116952:7844:"[.data.frame" 1#204 "[" 1#204 "StreamTemp" 
:4505509:221822908:371908152:5994:1#204 "[" 1#204 "StreamTemp" 
:4570176:222018379:386361752:7881:"%in%" "[.data.frame" "[" "[.data.frame" 1#206 "[" 1#206 "StreamTemp" 
:4604932:222129674:393578136:3994:"[.data.frame" 1#132 "[" 1#132 "StreamTemp" 
:4669048:222323470:407914584:7814:1#160 "[.data.frame" 1#160 "[" 1#160 "StreamTemp" 
:4709501:222454325:416323544:4682:".subset" "[.data.frame" 1#206 "[" 1#206 "StreamTemp" 
:4761409:222606020:427874272:6374:"[.data.frame" 1#142 "[" 1#142 "StreamTemp" 
:4801337:222737346:436434488:4638:"sapply" 1#213 "StreamTemp" 
:4835687:222847803:443569224:3963:"[.data.frame" 1#206 "[" 1#206 "StreamTemp" 
:4895553:223027374:457026864:7314:1#152 "StreamTemp" 
:4925893:223124862:463335712:3497:1#132 "[" 1#132 "StreamTemp" 
:3709718:219349727:199412248:2087:1#213 "FUN" "lapply" "sapply" 1#213 "StreamTemp" 
:3774888:219546661:213975272:7934:"==" "[.data.frame" 1#206 "[" 1#206 "StreamTemp" 
:3809940:219659210:221249672:4037:"==" "[.data.frame" 1#204 "[" 1#204 "StreamTemp" 
:3873375:219849465:235374048:7713:1#138 "StreamTemp" 
:3912190:219975808:243521936:4508:"match" "%in%" "[.data.frame" "[" "[.data.frame" 1#206 "[" 1#206 "StreamTemp" 
:3959146:220111123:253830416:5789:1#337 "StreamTemp" 
:4012660:220286339:265419168:6207:1#338 "StreamTemp" 
:4053316:220416043:273829248:4674:"print.default" "print" 1#357 "StreamTemp" 
:4112998:220596451:287285040:7312:1#341 "StreamTemp" 
:4164649:220761719:297982832:5949:"print.default" "print" 1#357 "StreamTemp" 
:4213428:220906563:309159144:6046:"match" "%in%" "[.data.frame" 1#132 "[" 1#132 "StreamTemp" 
:4248851:221021413:316523200:4109:"==" "[.data.frame" 1#206 "[" 1#206 "StreamTemp" 
:4310909:221207089:330242528:7553:"[.data.frame" 1#160 "[" 1#160 "StreamTemp" 
:4349229:221331735:338406208:4440:1#332 "StreamTemp" 
:4384122:221443865:345642752:4026:"[" "[.data.frame" 1#204 "[" 1#204 "StreamTemp" 
:4435338:221595823:357306040:6310:1#131 "StreamTemp" 
:4474438:221721343:365429960:4521:"[.data.frame" 1#142 "[" 1#142 "StreamTemp" 
:4511453:221824455:373602992:4650:".subset2" "<Anonymous>" "[[.data.frame" "[[" "$.data.frame" 1#140 "$" 1#140 "StreamTemp" 
:4564278:221997983:385119000:6135:1#142 "StreamTemp" 
:4604097:222126849:393391712:4603:"[.data.frame" 1#204 "[" 1#204 "StreamTemp" 
:4654617:222275885:404857488:6228:"[.data.frame" 1#143 "[" 1#143 "StreamTemp" 
:4699247:222420434:414173928:5165:"==" "[.data.frame" 1#204 "[" 1#204 "StreamTemp" 
:4746873:222558443:424755520:5875:"length" "[.data.frame" 1#131 "[" 1#131 "StreamTemp" 
:4789185:222697703:433888896:4926:1#206 "StreamTemp" 
:4832598:222835775:442869336:4978:"print" 1#357 "StreamTemp" 
:4888546:223003631:455552328:6886:"[.data.frame" 1#142 "[" 1#142 "StreamTemp" 
:4925294:223122770:463174152:4247:"[.data.frame" 1#206 "[" 1#206 "StreamTemp" 
:4926057:221332259:463335712:80:1#287 "StreamTemp" 
:3739649:219430296:206369856:5913:"[.data.frame" 1#143 "[" 1#143 "StreamTemp" 
:3783911:219575008:215847688:5134:1#147 "StreamTemp" 
:3821088:219693416:223528816:4263:"print.default" "print" 1#357 "StreamTemp" 
:3870791:219841815:234902584:6167:"==" "[.data.frame" 1#204 "[" 1#204 "StreamTemp" 
:3914955:219984071:244081656:5100:"==" "[.data.frame" 1#204 "[" 1#204 "StreamTemp" 
:3956012:220101166:253270024:5122:1#293 "StreamTemp" 
:4006172:220265314:264065480:5827:"==" "[.data.frame" 1#206 "[" 1#206 "StreamTemp" 
:4043754:220384768:271835984:4306:"print.default" "print" 1#357 "StreamTemp" 
:4097315:220545510:284017832:6616:"[.data.frame" "[" "[.data.frame" 1#204 "[" 1#204 "StreamTemp" 
:4132841:220659316:291400144:4094:"[.data.frame" 1#142 "[" 1#142 "StreamTemp" 
:4180547:220798788:301985208:5897:"[.data.frame" 1#160 "[" 1#160 "StreamTemp" 
:4221966:220933864:310944648:4800:"[.data.frame" 1#132 "[" 1#132 "StreamTemp" 
:4257031:221046832:318219664:4041:1#341 "StreamTemp" 
:4322041:221243557:332744832:7929:"[.data.frame" "[" "[.data.frame" 1#206 "[" 1#206 "StreamTemp" 
:4357090:221356315:340018336:4037:"==" "[.data.frame" 1#204 "[" 1#204 "StreamTemp" 
:4419955:221545316:354032896:7653:1#343 "StreamTemp" 
:4456047:221662453:361607456:4191:"[.data.frame" 1#206 "[" 1#206 "StreamTemp" 
:4514484:221835398:374424232:7126:1#145 "StreamTemp" 
:4562591:221992648:384769112:5583:1#145 "StreamTemp" 
:4600430:222113148:392586936:4338:"print.default" "print" 1#357 "StreamTemp" 
:4653746:222272636:404706904:6576:"[.data.frame" 1#132 "[" 1#132 "StreamTemp" 
:4688269:222383930:411883360:3993:"[.data.frame" 1#143 "[" 1#143 "StreamTemp" 
:4750156:222569804:425613328:7536:"ifelse" 1#267 "StreamTemp" 
:4801612:222736300:436444008:5954:1#153 "StreamTemp" 
:4840277:222845256:445034800:4843:1#337 "StreamTemp" 
:4901215:223044320:458165512:7068:1#152 "StreamTemp" 
:4926141:223124653:463335712:2879:"%in%" "[.data.frame" "[" "[.data.frame" 1#206 "[" 1#206 "StreamTemp" 
:3700344:219316884:197390032:934:"print.default" "print" 1#357 "StreamTemp" 
:3760236:219498128:210890008:7346:"[.data.frame" 1#143 "[" 1#143 "StreamTemp" 
:3795263:219610260:218159368:4032:1#140 "StreamTemp" 
:3860506:219807404:232726200:7934:"[.data.frame" 1#132 "[" 1#132 "StreamTemp" 
:3913462:219978738:243733112:6129:"==" "[.data.frame" 1#206 "[" 1#206 "StreamTemp" 
:3979010:220176092:258377560:7967:"length" "[.data.frame" 1#142 "[" 1#142 "StreamTemp" 
:4014040:220289060:265645296:4032:"[.data.frame" 1#131 "[" 1#131 "StreamTemp" 
:4078143:220482448:279941312:7807:"[.data.frame" 1#131 "[" 1#131 "StreamTemp" 
:4122418:220625739:289188704:5128:"==" "[.data.frame" 1#204 "[" 1#204 "StreamTemp" 
:4175269:220781308:300917904:6493:".subset" "[.data.frame" 1#143 "[" 1#143 "StreamTemp" 
:4215901:220913468:309651552:4711:"names" "match" "%in%" "[.data.frame" 1#142 "[" 1#142 "StreamTemp" 
:4251170:221027690:316967952:4070:"[.data.frame" 1#160 "[" 1#160 "StreamTemp" 
:4308632:221199730:329920528:7037:1#185 "StreamTemp" 
:4348161:221326506:338131136:4558:"[.data.frame" 1#142 "[" 1#142 "StreamTemp" 
:4411983:221519058:352354856:7774:1#149 "StreamTemp" 
:4447734:221634526:359855720:4142:"[.data.frame" 1#143 "[" 1#143 "StreamTemp" 
:4482565:221737139:367519712:4314:"match" "%in%" "[[.data.frame" "[[" "[.data.frame" "[" "rownames" "<Anonymous>" "format" 1#123 "StreamTemp" 
:4547059:221942128:381509128:7565:"*" "ifelse" 1#266 "StreamTemp" 
:4581691:222053004:388697736:3982:"[.data.frame" 1#131 "[" 1#131 "StreamTemp" 
:4646427:222248892:403170208:7894:"names" "names" "[.data.frame" 1#160 "[" 1#160 "StreamTemp" 
:4680323:222358408:410209856:3916:"[.data.frame" 1#204 "[" 1#204 "StreamTemp" 
:4718684:222465798:418719616:4806:"[.data.frame" 1#160 "[" 1#160 "StreamTemp" 
:4761851:222608166:428163064:5017:"==" "[.data.frame" 1#206 "[" 1#206 "StreamTemp" 
:4796798:222720506:435427664:4031:"[.data.frame" 1#204 "[" 1#204 "StreamTemp" 
:4861047:222914304:449795584:7813:"[.data.frame" 1#131 "[" 1#131 "StreamTemp" 
:4896052:223027272:457076088:4049:1#342 "StreamTemp" 
:4926027:223119843:463335712:3518:"[[" "[.data.frame" "[" "rownames" "<Anonymous>" "format" 1#123 "StreamTemp" 
:4926027:220473470:463335712:0:"[[" "[.data.frame" "[" "rownames" "<Anonymous>" "format" 1#123 "StreamTemp" 
:3753645:219480451:209447168:7446:".subset" "[.data.frame" 1#142 "[" 1#142 "StreamTemp" 
:3788693:219593001:216718600:4033:"match" "%in%" "[.data.frame" 1#132 "[" 1#132 "StreamTemp" 
:3830909:219714891:226226224:5278:"[.data.frame" 1#143 "[" 1#143 "StreamTemp" 
:3889101:219903949:238606760:6733:1#146 "StreamTemp" 
:3927504:220011661:247087120:4814:1#151 "StreamTemp" 
:3986976:220206844:259970872:6906:"[.data.frame" 1#206 "[" 1#206 "StreamTemp" 
:4024661:220327447:267777384:4328:"[.data.frame" 1#204 "[" 1#204 "StreamTemp" 
:4088998:220522081:282186520:7849:"length" "[.data.frame" 1#143 "[" 1#143 "StreamTemp" 
:4124405:220636095:289525376:4082:"==" "[.data.frame" 1#206 "[" 1#206 "StreamTemp" 
:4189707:220833449:304113320:7943:1#244 "StreamTemp" 
:4225351:220948509:311519600:4120:1#206 "StreamTemp" 
:4289271:221140231:325721984:7767:1#152 "StreamTemp" 
:4342460:221312175:336868504:6153:"all" "[.data.frame" "[" "[.data.frame" 1#204 "[" 1#204 "StreamTemp" 
:4406977:221507227:351288112:7851:".subset" "[.data.frame" 1#160 "[" 1#160 "StreamTemp" 
:4441889:221619359:358554000:4034:".subset" "[.data.frame" 1#142 "[" 1#142 "StreamTemp" 
:4487602:221750491:368602080:5656:"[.data.frame" 1#142 "[" 1#142 "StreamTemp" 
:4539475:221920685:379859648:6022:"$" 1#140 "StreamTemp" 
:4574013:222031979:387026024:3984:"[.data.frame" 1#143 "[" 1#143 "StreamTemp" 
:4638696:222227867:401475256:7876:1#185 "StreamTemp" 
:4690825:222395855:412307168:6024:"==" "[.data.frame" 1#206 "[" 1#206 "StreamTemp" 
:4742850:222550113:424135264:6408:"[.data.frame" 1#160 "[" 1#160 "StreamTemp" 
:4788814:222697809:433690544:5305:1#142 "[" 1#142 "StreamTemp" 
:4829797:222815107:442888880:5120:"[.data.frame" 1#132 "[" 1#132 "StreamTemp" 
:4882775:222988569:454238568:6151:"==" "[.data.frame" 1#204 "[" 1#204 "StreamTemp" 
:4923150:223101845:463023960:5030:"length" "ifelse" 1#266 "StreamTemp" 
:4924540:223106025:463335712:160:1#143 "[" 1#143 "StreamTemp" 
:3741437:219453266:206461976:5683:"[.data.frame" "[" "[.data.frame" 1#206 "[" 1#206 "StreamTemp" 
:3794039:219622718:217384552:6065:1#206 "StreamTemp" 
:3859609:219821117:232053528:7990:1#145 "StreamTemp" 
:3894903:219934503:239373176:4068:"[.data.frame" "[" "[.data.frame" 1#204 "[" 1#204 "StreamTemp" 
:3960010:220131647:253928136:7926:1#204 "StreamTemp" 
:3995267:220245243:261249408:4074:"==" "[.data.frame" 1#206 "[" 1#206 "StreamTemp" 
:4037482:220365070:270618096:5251:"[.data.frame" 1#142 "[" 1#142 "StreamTemp" 
:4094516:220551381:282911272:6616:"all" "[.data.frame" 1#142 "[" 1#142 "StreamTemp" 
:4129760:220662257:290160864:4056:"cat" "defaultHandler" "doWithOneRestart" "withOneRestart" "withRestarts" "message" 1#361 "StreamTemp" 
:4182028:220820907:302098888:6450:1#184 "StreamTemp" 
:4228271:220969753:311701432:5338:"[.data.frame" 1#204 "[" 1#204 "StreamTemp" 
:4273413:221100521:321884920:5602:"[.data.frame" 1#142 "[" 1#142 "StreamTemp" 
:4329814:221283944:333828208:6532:"==" "[.data.frame" 1#204 "[" 1#204 "StreamTemp" 
:4368421:221391857:342391056:4827:1#140 "$" 1#140 "StreamTemp" 
:4429104:221590501:355485704:7035:"names" "[.data.frame" 1#131 "[" 1#131 "StreamTemp" 
:4463583:221699285:362586392:3967:"paste" "message" 1#361 "StreamTemp" 
:4527888:221896219:377021792:7856:"==" "[.data.frame" 1#206 "[" 1#206 "StreamTemp" 
:4561545:222003957:384004320:3869:"match" "%in%" "[.data.frame" 1#160 "[" 1#160 "StreamTemp" 
:4625953:222198173:398410320:7844:1#142 "StreamTemp" 
:4660933:222311141:405680296:4036:"[.data.frame" 1#131 "[" 1#131 "StreamTemp" 
:4721942:222493675:419193880:7444:"[.data.frame" 1#160 "[" 1#160 "StreamTemp" 
:4776617:222671042:430718624:6328:"[.data.frame" "[" "[.data.frame" 1#206 "[" 1#206 "StreamTemp" 
:4815841:222782085:439455968:4913:1#197 "StreamTemp" 
:4857908:222920381:448639968:4886:"==" "[.data.frame" 1#204 "[" 1#204 "StreamTemp" 
:4892806:223032199:455892472:4024:"[.data.frame" 1#143 "[" 1#143 "StreamTemp" 
:4925950:223123581:463335712:4211:1#147 "StreamTemp" 
:3725606:219401099:203020328:3834:"[.data.frame" 1#206 "[" 1#206 "StreamTemp" 
:3774047:219556326:213089240:5583:"%in%" "[.data.frame" 1#142 "[" 1#142 "StreamTemp" 
:3818572:219685736:223125896:5531:"[.data.frame" 1#131 "[" 1#131 "StreamTemp" 
:3858697:219816648:231704704:4662:".subset" "[.data.frame" 1#142 "[" 1#142 "StreamTemp" 
:3897863:219941750:239801520:4496:"print.default" "print" 1#357 "StreamTemp" 
:3956450:220117974:253017576:7182:1#142 "[" 1#142 "StreamTemp" 
:3991567:220231360:260315496:4058:1#143 "[" 1#143 "StreamTemp" 
:4055716:220424740:274648416:7804:"[.data.frame" 1#132 "[" 1#132 "StreamTemp" 
:4091152:220538962:282028376:4098:"%in%" "[[.data.frame" "[[" "$.data.frame" 1#140 "$" 1#140 "StreamTemp" 
:4137440:220672604:292202456:5726:"sys.call" "match" "%in%" "[.data.frame" 1#132 "[" 1#132 "StreamTemp" 
:4173599:220792590:300175120:4211:1#213 "StreamTemp" 
:4209213:220907021:307580840:4110:"==" "[.data.frame" 1#204 "[" 1#204 "StreamTemp" 
:4260894:221058408:319058152:6346:"[.data.frame" 1#131 "[" 1#131 "StreamTemp" 
:4301074:221190356:327699512:4678:"==" "[.data.frame" 1#206 "[" 1#206 "StreamTemp" 
:4335744:221301442:334899208:3982:1#342 "StreamTemp" 
:4400392:221496494:349343400:7867:"[.data.frame" 1#131 "[" 1#131 "StreamTemp" 
:4435257:221609252:356580616:4037:"==" "[.data.frame" 1#206 "[" 1#206 "StreamTemp" 
:4498862:221800756:370779584:7745:"[.data.frame" 1#143 "[" 1#143 "StreamTemp" 
:4537443:221925431:378841736:4465:"names" "names" "[.data.frame" "[" "[.data.frame" 1#206 "[" 1#206 "StreamTemp" 
:4581876:222052800:388611272:5505:"ifelse" 1#266 "StreamTemp" 
:4625510:222196214:398158040:5064:"ifelse" 1#266 "StreamTemp" 
:4660307:222308344:405391168:4017:"[.data.frame" 1#160 "[" 1#160 "StreamTemp" 
:4716738:222476224:418017096:6908:1#293 "StreamTemp" 
:4759260:222613854:426972168:4923:"[.data.frame" 1#160 "[" 1#160 "StreamTemp" 
:4819074:222791804:440164480:7293:"names" "match" "%in%" "[.data.frame" 1#132 "[" 1#132 "StreamTemp" 
:4858173:222920200:448557872:4550:1#160 "StreamTemp" 
:4892854:223031704:455747936:3999:"==" "[.data.frame" 1#206 "[" 1#206 "StreamTemp" 
:4926043:223123268:463335712:4213:"[.data.frame" 1#160 "[" 1#160 "StreamTemp" 
:4926043:223123268:463335712:0:"[.data.frame" 1#160 "[" 1#160 "StreamTemp" 
:4926043:223123268:463335712:0:"[.data.frame" 1#160 "[" 1#160 "StreamTemp" 
:4926043:223123268:463335712:0:"[.data.frame" 1#160 "[" 1#160 "StreamTemp" 
:4926043:223123268:463335712:0:"[.data.frame" 1#160 "[" 1#160 "StreamTemp" 
:4926043:223123268:463335712:0:"[.data.frame" 1#160 "[" 1#160 "StreamTemp" 
:4926043:223123268:463335712:0:"[.data.frame" 1#160 "[" 1#160 "StreamTemp" 
:4926043:223123268:463335712:0:"[.data.frame" 1#160 "[" 1#160 "StreamTemp" 
:4926043:223123268:463335712:0:"[.data.frame" 1#160 "[" 1#160 "StreamTemp" 
:4926043:223123268:463335712:0:"[.data.frame" 1#160 "[" 1#160 "StreamTemp" 
:4926043:223123268:463335712:0:"[.data.frame" 1#160 "[" 1#160 "StreamTemp" 
:2232606:214047264:185494232:0:"[.data.frame" 1#160 "[" 1#160 "StreamTemp" 
:2232606:214047264:185494232:0:"[.data.frame" 1#160 "[" 1#160 "StreamTemp" 
:2232606:214047264:185494232:0:"[.data.frame" 1#160 "[" 1#160 "StreamTemp" 
:2232606:214047264:185494232:0:"[.data.frame" 1#160 "[" 1#160 "StreamTemp" 
:2232606:214047264:185494232:0:"[.data.frame" 1#160 "[" 1#160 "StreamTemp" 
:2262201:214144686:191977632:3430:1#127 "StreamTemp" 
:2298234:214259746:199426696:4141:1#136 "StreamTemp" 
:2363498:214456894:213961048:7934:"[.data.frame" 1#160 "[" 1#160 "StreamTemp" 
:2399383:214573204:221461800:4159:"[.data.frame" 1#204 "[" 1#204 "StreamTemp" 
:2460583:214755336:234940384:7441:"[.data.frame" 1#131 "[" 1#131 "StreamTemp" 
:2506078:214904027:244652576:5289:"[.data.frame" 1#160 "[" 1#160 "StreamTemp" 
:2540632:215013858:251785128:3957:"print.default" "print" 1#357 "StreamTemp" 
:2590792:215163304:263256224:6216:"[.data.frame" 1#143 "[" 1#143 "StreamTemp" 
:2631376:215294472:271680136:4689:"==" "[.data.frame" 1#206 "[" 1#206 "StreamTemp" 
:2676608:215424952:281752128:5607:"[.data.frame" 1#143 "[" 1#143 "StreamTemp" 
:2721669:215572576:291481232:5231:1#204 "[" 1#204 "StreamTemp" 
:2762968:215705000:300020728:4748:"==" "[.data.frame" 1#206 "[" 1#206 "StreamTemp" 
:2816742:215864698:312233488:6617:"[.data.frame" 1#142 "[" 1#142 "StreamTemp" 
:2860801:216006954:321384392:5076:1#131 "[" 1#131 "StreamTemp" 
:2913502:216163120:333228056:6487:1#341 "StreamTemp" 
:2951198:216285686:341205592:4374:1#339 "StreamTemp" 
:2986054:216396562:348399968:3999:"print.default" "print" 1#357 "StreamTemp" 
:3038108:216551866:360263512:6430:"match" "%in%" "[[.data.frame" "[[" "$.data.frame" 1#140 "$" 1#140 "StreamTemp" 
:3071196:216658558:367144960:3824:"[[" "$.data.frame" 1#140 "$" 1#140 "StreamTemp" 
:3128200:216828138:379751960:6971:1#337 "StreamTemp" 
:3163262:216943042:387300480:4078:"==" "[.data.frame" 1#204 "[" 1#204 "StreamTemp" 
:3197026:217051512:394302496:3887:"[.data.frame" 1#160 "[" 1#160 "StreamTemp" 
:3240710:217177576:404175184:5429:"sys.call" "match" "%in%" "[.data.frame" 1#131 "[" 1#131 "StreamTemp" 
:3282620:217314346:413121800:4865:1#293 "StreamTemp" 
:3320067:217433590:420861168:4299:"print.default" "print" 1#357 "StreamTemp" 
:3373083:217592659:432923232:6555:"[.data.frame" "[" "[.data.frame" 1#206 "[" 1#206 "StreamTemp" 
:3421171:217747676:442912288:5550:"==" "[.data.frame" 1#206 "[" 1#206 "StreamTemp" 
:3466384:217878960:453134024:5604:1#290 "StreamTemp" 
:3503871:218001304:461117832:4357:"==" "[.data.frame" 1#206 "[" 1#206 "StreamTemp" 
:3514541:218034986:463335712:1216:"%in%" "[.data.frame" 1#132 "[" 1#132 "StreamTemp" 
:2261268:214137325:191335928:3240:"print.default" "print" 1#357 "StreamTemp" 
:2315407:214300159:203639912:6685:"length" "length" "[.data.frame" 1#204 "[" 1#204 "StreamTemp" 
:2350897:214413965:211013320:4089:"names" "names" "[.data.frame" 1#132 "[" 1#132 "StreamTemp" 
:2390224:214525011:219744784:4920:"[.data.frame" 1#132 "[" 1#132 "StreamTemp" 
:2451689:214726169:232979768:7129:1#341 "StreamTemp" 
:2507666:214890751:245251832:6843:1#136 "StreamTemp" 
:2533589:214977076:250998384:3023:"==" "[.data.frame" 1#204 "[" 1#204 "StreamTemp" 
:2569143:215091509:258396320:4107:"[.data.frame" 1#160 "[" 1#160 "StreamTemp" 
:2631275:215277809:272142360:7567:1#164 "StreamTemp" 
:2671307:215407897:280652456:4643:1#152 "StreamTemp" 
:2706542:215520029:287927640:4038:"print.default" "print" 1#357 "StreamTemp" 
:2755609:215666441:299167288:6094:"[.data.frame" 1#204 "[" 1#204 "StreamTemp" 
:2804567:215823865:309338736:5643:1#293 "StreamTemp" 
:2869692:216021009:323886752:7931:"lapply" "unlist" "unique" "simplify2array" "sapply" 1#213 "StreamTemp" 
:2909307:216148516:332112368:4574:"[.data.frame" 1#206 "[" 1#206 "StreamTemp" 
:2957735:216289757:342912248:5980:1#266 "StreamTemp" 
:3011194:216462917:354315416:6186:"[.data.frame" 1#142 "[" 1#142 "StreamTemp" 
:3052804:216581511:363438824:5183:"ifelse" 1#290 "StreamTemp" 
:3097847:216729097:373330328:5221:"[[" "$.data.frame" 1#140 "$" 1#140 "StreamTemp" 
:3133015:216842901:380642248:4069:1#146 "StreamTemp" 
:3176667:216968569:390388264:5423:1#338 "StreamTemp" 
:3225906:217129165:400979096:5709:"[.data.frame" 1#131 "[" 1#131 "StreamTemp" 
:3263264:217248409:408696064:4292:"print.default" "print" 1#357 "StreamTemp" 
:3318346:217414173:421184904:6787:1#242 "StreamTemp" 
:3353277:217526722:428444408:4033:"sys.call" "match" "%in%" "[.data.frame" 1#206 "[" 1#206 "StreamTemp" 
:3392566:217637349:437178336:4909:1#340 "StreamTemp" 
:3435984:217779931:446648664:5049:"[.data.frame" "[" "[.data.frame" 1#204 "[" 1#204 "StreamTemp" 
:3470901:217892481:453906936:4030:"[.data.frame" 1#143 "[" 1#143 "StreamTemp" 
:3512954:218013121:463335712:5238:1#162 "StreamTemp" 
:2268545:214162890:193175528:4088:1#131 "StreamTemp" 
:2304589:214278786:200647384:4161:1#153 "StreamTemp" 
:2370434:214478440:215354496:8019:".subset" "[.data.frame" 1#160 "[" 1#160 "StreamTemp" 
:2406093:214593082:222765704:4117:1#146 "StreamTemp" 
:2445671:214704968:231534128:4949:1#267 "StreamTemp" 
:2489815:214850058:241174864:5126:"ifelse" 1#266 "StreamTemp" 
:2525209:214963862:248533320:4086:1#147 "StreamTemp" 
:2591043:215162680:263228000:8007:"length" "length" "[.data.frame" 1#143 "[" 1#143 "StreamTemp" 
:2626920:215278576:270677512:4143:"[.data.frame" 1#204 "[" 1#204 "StreamTemp" 
:2688465:215462782:284322752:7492:1#338 "StreamTemp" 
:2726760:215587434:292452216:4444:"attributes" "ifelse" 1#290 "StreamTemp" 
:2762299:215701238:299805968:4086:1#146 "StreamTemp" 
:2828150:215901206:314535760:8030:"==" "[.data.frame" 1#204 "[" 1#204 "StreamTemp" 
:2863498:216014698:321865544:4070:1#267 "StreamTemp" 
:2928767:216211842:336453320:7936:1#341 "StreamTemp" 
:2980124:216377110:347112864:5925:1#338 "StreamTemp" 
:3045646:216575508:361755856:7984:"[.data.frame" 1#204 "[" 1#204 "StreamTemp" 
:3080632:216688058:369023872:4038:1#145 "StreamTemp" 
:3122401:216807448:378379848:5207:"[.data.frame" 1#160 "[" 1#160 "StreamTemp" 
:3166876:216953402:387973544:5164:"unlist" "simplify2array" "sapply" 1#213 "StreamTemp" 
:3201850:217065741:395232096:4034:"==" "[.data.frame" 1#204 "[" 1#204 "StreamTemp" 
:3243188:217184474:404641552:5159:1#153 "StreamTemp" 
:3295276:217353470:415659608:6022:1#339 "StreamTemp" 
:3339769:217481244:425503456:5527:"[.data.frame" 1#160 "[" 1#160 "StreamTemp" 
:3385496:217631364:435434664:5311:"[.data.frame" "[" "[.data.frame" 1#204 "[" 1#204 "StreamTemp" 
:3420567:217744332:442712032:4041:"[.data.frame" 1#160 "[" 1#160 "StreamTemp" 
:3469944:217889202:453863368:6095:"[.data.frame" 1#142 "[" 1#142 "StreamTemp" 
:3506998:218009467:461706840:4299:"[.data.frame" 1#142 "[" 1#142 "StreamTemp" 
:3514880:218034780:463335712:906:"[.data.frame" 1#143 "[" 1#143 "StreamTemp" 
:2260829:214135025:191183776:3142:"print.default" "print" 1#357 "StreamTemp" 
:2315206:214298697:203529312:6709:1#217 "StreamTemp" 
:2351011:214413757:210958720:4128:"ifelse" 1#266 "StreamTemp" 
:2415949:214609237:225420216:7892:1#132 "StreamTemp" 
:2452476:214728053:233069760:4239:"unlist" "unique" "simplify2array" "sapply" 1#213 "StreamTemp" 
:2489750:214830767:241197656:4662:"[.data.frame" 1#131 "[" 1#131 "StreamTemp" 
:2553251:215039733:255028312:7385:"[.data.frame" 1#204 "[" 1#204 "StreamTemp" 
:2588781:215153225:262397632:4084:"[.data.frame" 1#132 "[" 1#132 "StreamTemp" 
:2644151:215318989:274916712:6796:1#341 "StreamTemp" 
:2681554:215439696:282686992:4330:"==" "[.data.frame" 1#204 "[" 1#204 "StreamTemp" 
:2719468:215545527:291060112:4754:"match" "%in%" "[.data.frame" 1#160 "[" 1#160 "StreamTemp" 
:2765930:215698137:301243768:5386:"[.data.frame" 1#132 "[" 1#132 "StreamTemp" 
:2801328:215812673:308595728:4097:"[.data.frame" 1#204 "[" 1#204 "StreamTemp" 
:2841768:215927569:317660280:5051:1#152 "StreamTemp" 
:2882885:216062641:326567080:4774:"unique" "simplify2array" "sapply" 1#213 "StreamTemp" 
:2928837:216209081:336079520:5279:"print.default" "print" 1#357 "StreamTemp" 
:2982549:216370661:348288528:6632:"unlist" "unique" "simplify2array" "sapply" 1#213 "StreamTemp" 
:3017610:216483629:355570600:4050:1#206 "StreamTemp" 
:3080765:216672843:369609856:7683:"names" "names" "[.data.frame" 1#160 "[" 1#160 "StreamTemp" 
:3117293:216791649:377308344:4229:"unlist" "simplify2array" "sapply" 1#213 "StreamTemp" 
:3152107:216900433:384475560:4005:"conditionCall" "signalCondition" "doWithOneRestart" "withOneRestart" "withRestarts" "message" 1#361 "StreamTemp" 
:3199457:217043185:395380384:5880:"is.nan" 1#213 "FUN" 1#213 "lapply" "sapply" 1#213 "StreamTemp" 
:3234438:217155943:402661224:4048:"==" "[.data.frame" 1#206 "[" 1#206 "StreamTemp" 
:3294018:217333263:415808960:7264:1#237 "StreamTemp" 
:3333248:217461243:424229400:4558:"[.data.frame" "[" "[.data.frame" 1#204 "[" 1#204 "StreamTemp" 
:3367839:217572538:431398744:3985:"[" "[.data.frame" 1#206 "[" 1#206 "StreamTemp" 
:3432496:217768009:445846408:7867:1#213 "FUN" 1#213 "lapply" "sapply" 1#213 "StreamTemp" 
:3484677:217935369:456675520:6005:1#337 "StreamTemp" 
:3513178:218012493:463335712:3699:"names" "[.data.frame" 1#143 "[" 1#143 "StreamTemp" 
:2264279:214148876:192199392:3558:"unlist" "simplify2array" "sapply" 1#213 "StreamTemp" 
:2300064:214263936:199639664:4129:1#332 "StreamTemp" 
:2365489:214461498:214249504:7963:"[.data.frame" 1#142 "[" 1#142 "StreamTemp" 
:2418932:214634087:225357216:6178:"==" "[.data.frame" 1#204 "[" 1#204 "StreamTemp" 
:2484396:214831860:239983128:7956:1#347 "StreamTemp" 
:2536892:215001312:250872776:6070:1#206 "StreamTemp" 
:2602512:215199710:265537384:7985:1#204 "[" 1#204 "StreamTemp" 
:2637831:215313306:272859496:4074:"==" "[.data.frame" 1#206 "[" 1#206 "StreamTemp" 
:2680530:215436240:282482368:5319:"ifelse" 1#267 "StreamTemp" 
:2720903:215568398:291164552:4693:".subset" "[.data.frame" 1#160 "[" 1#160 "StreamTemp" 
:2756136:215681575:298473224:4061:"==" "[.data.frame" 1#204 "[" 1#204 "StreamTemp" 
:2821492:215879348:313063688:7951:"c" "lapply" "sapply" 1#213 "StreamTemp" 
:2856713:215992316:320388768:4055:1#340 "StreamTemp" 
:2897612:216108782:329544152:5108:"[.data.frame" 1#131 "[" 1#131 "StreamTemp" 
:2956712:216301590:342187664:6855:"sys.call" "match" "%in%" "[.data.frame" "[" "[.data.frame" 1#204 "[" 1#204 "StreamTemp" 
:3016997:216480792:355485368:7340:1#140 "StreamTemp" 
:3056319:216609610:363906200:4569:"[.data.frame" 1#204 "[" 1#204 "StreamTemp" 
:3090819:216720905:371071288:3982:1#206 "StreamTemp" 
:3136493:216854056:381465224:5662:1#293 "StreamTemp" 
:3190471:217028715:392793520:6247:"==" "[.data.frame" 1#204 "[" 1#204 "StreamTemp" 
:3255176:217224396:407246672:7876:"[.data.frame" 1#206 "[" 1#206 "StreamTemp" 
:3290194:217337259:414533784:4048:"==" "[.data.frame" 1#206 "[" 1#206 "StreamTemp" 
:3338274:217476438:425106976:5930:"[.data.frame" 1#160 "[" 1#160 "StreamTemp" 
:3389421:217643292:436185400:5929:1#140 "StreamTemp" 
:3423971:217754586:443357600:3988:"nargs" "[.data.frame" 1#143 "[" 1#143 "StreamTemp" 
:3489279:217952148:457938712:7943:1#152 "StreamTemp" 
:3515213:218035828:463335712:3000:1#147 "StreamTemp" 
:2260458:214132725:191053240:3063:"print.default" "print" 1#357 "StreamTemp" 
:2324007:214325685:205318232:7762:1#343 "StreamTemp" 
:2368084:214467941:214457096:5095:"match.fun" "sapply" 1#213 "StreamTemp" 
:2414800:214604429:225124256:5784:1#132 "[" 1#132 "StreamTemp" 
:2462297:214757969:235049696:5493:1#153 "StreamTemp" 
:2526831:214952613:249426800:7848:1#342 "StreamTemp" 
:2563275:215070800:257060384:4232:"==" "[.data.frame" 1#204 "[" 1#204 "StreamTemp" 
:2624480:215253145:270520208:7445:1#284 "StreamTemp" 
:2664436:215383633:279111224:4637:"[.data.frame" 1#131 "[" 1#131 "StreamTemp" 
:2699956:215498064:286472928:4104:"==" "[.data.frame" 1#204 "[" 1#204 "StreamTemp" 
:2746393:215633933:297031168:5752:"*" "ifelse" 1#267 "StreamTemp" 
:2784488:215757341:305057760:4415:1#152 "StreamTemp" 
:2822514:215862987:313330976:4754:1#341 "StreamTemp" 
:2884440:216066617:326846632:7196:1#267 "StreamTemp" 
:2919595:216179585:334139736:4050:1#267 "StreamTemp" 
:2963568:216306475:344106560:5464:"[[" "$.data.frame" 1#140 "$" 1#140 "StreamTemp" 
:3001935:216431957:352282784:4458:1#147 "StreamTemp" 
:3036507:216543251:359453696:3983:1#204 "StreamTemp" 
:3090113:216703053:371608608:6599:"[.data.frame" 1#204 "[" 1#204 "StreamTemp" 
:3135564:216849493:381057040:5249:"[.data.frame" 1#204 "[" 1#204 "StreamTemp" 
:3199286:217040885:395308032:7749:"[[.data.frame" "[[" "$.data.frame" 1#140 "$" 1#140 "StreamTemp" 
:3251749:217210337:406222488:6059:"match" "%in%" "[.data.frame" 1#131 "[" 1#131 "StreamTemp" 
:3316487:217405807:420686784:7887:1#143 "[.data.frame" 1#143 "[" 1#143 "StreamTemp" 
:3351369:217518357:427933576:4021:1#339 "StreamTemp" 
:3414463:217707989:441957096:7682:1#337 "StreamTemp" 
:3456701:217845100:450835336:4899:"[.data.frame" 1#206 "[" 1#206 "StreamTemp" 
:3509485:217999743:462469168:6470:"+" 1#287 "StreamTemp" 
:3513327:218012283:463335712:441:"match" "%in%" "[.data.frame" 1#131 "[" 1#131 "StreamTemp" 
:2284002:214211638:196246680:5823:"==" "[.data.frame" 1#206 "[" 1#206 "StreamTemp" 
:2344366:214391062:209496280:7349:"ifelse" 1#266 "StreamTemp" 
:2385258:214524470:218317680:4746:"[.data.frame" 1#142 "[" 1#142 "StreamTemp" 
:2420942:214639112:225721272:4106:1#132 "[" 1#132 "StreamTemp" 
:2466469:214771850:236056968:5653:"length" "length" "[.data.frame" 1#132 "[" 1#132 "StreamTemp" 
:2504013:214894413:244004880:4365:"[.data.frame" "[" "[.data.frame" 1#206 "[" 1#206 "StreamTemp" 
:2539685:215007800:251375656:4084:"print.default" "print" 1#357 "StreamTemp" 
:2604886:215206407:265980288:7967:"==" "[.data.frame" 1#204 "[" 1#204 "StreamTemp" 
:2640448:215320004:273356160:4088:"%in%" "[[.data.frame" "[[" "$.data.frame" 1#140 "$" 1#140 "StreamTemp" 
:2685247:215450662:283493896:5566:1#131 "StreamTemp" 
:2724391:215577816:291827536:4543:1#136 "StreamTemp" 
:2762315:215699152:299669384:4358:"print.default" "print" 1#357 "StreamTemp" 
:2812561:215849434:311155096:6230:"[.data.frame" 1#160 "[" 1#160 "StreamTemp" 
:2861160:216005080:321250552:5603:"[.data.frame" 1#142 "[" 1#142 "StreamTemp" 
:2926311:216202224:335810104:7931:1#136 "StreamTemp" 
:2978828:216371676:346732680:6066:"[.data.frame" 1#131 "[" 1#131 "StreamTemp" 
:3024830:216506082:357176400:5707:"names" "match" "%in%" "[.data.frame" 1#160 "[" 1#160 "StreamTemp" 
:3061851:216626558:365003240:4297:"[.data.frame" 1#204 "[" 1#204 "StreamTemp" 
:3096335:216736180:372123584:3949:"print.default" "print" 1#357 "StreamTemp" 
:3160916:216932695:386600536:7892:"==" "[.data.frame" 1#204 "[" 1#204 "StreamTemp" 
:3195613:217044200:393794240:3995:"ifelse" 1#266 "StreamTemp" 
:3260632:217240715:408325568:7916:"==" "[.data.frame" 1#204 "[" 1#204 "StreamTemp" 
:3297197:217358496:415921072:4220:1#242 "StreamTemp" 
:3345326:217498384:426624800:5935:1#342 "StreamTemp" 
:3397429:217668608:437772104:6046:"unique" "simplify2array" "sapply" 1#213 "StreamTemp" 
:3456883:217844896:450822568:7251:1#145 "StreamTemp" 
:3497810:217978720:459667376:4743:"sys.call" "match" "%in%" "[.data.frame" 1#131 "[" 1#131 "StreamTemp" 
:3515532:218035204:463335712:2043:1#142 "[.data.frame" 1#142 "[" 1#142 "StreamTemp" 
:2260204:214131679:190948016:3003:"print.default" "print" 1#357 "StreamTemp" 
:2308907:214276523:202120184:6041:"length" "length" "[.data.frame" 1#131 "[" 1#131 "StreamTemp" 
:2344533:214391583:209526632:4121:1#338 "StreamTemp" 
:2406718:214577467:223274296:7574:"[.data.frame" 1#142 "[" 1#142 "StreamTemp" 
:2445400:214703787:231505624:4487:1#268 "StreamTemp" 
:2480557:214816755:238799344:4050:1#287 "StreamTemp" 
:2545583:215013480:253332464:7928:"[.data.frame" "[" "[.data.frame" 1#206 "[" 1#206 "StreamTemp" 
:2580965:215126867:260678264:4065:"[.data.frame" 1#131 "[" 1#131 "StreamTemp" 
:2629142:215268401:271522104:5965:"ifelse" 1#290 "StreamTemp" 
:2681518:215438233:282590952:6066:"[.data.frame" "[" "[.data.frame" 1#204 "[" 1#204 "StreamTemp" 
:2732468:215587743:293883856:6271:"*" 1#239 "StreamTemp" 
:2782062:215749183:304521728:5750:"length" "length" "[.data.frame" 1#132 "[" 1#132 "StreamTemp" 
:2817027:215860059:311742816:4024:"as.POSIXlt.POSIXct" "as.POSIXlt" "format.POSIXlt" "structure" "format.POSIXct" "format" "as.character.POSIXt" "as.character" "as.character" "paste" "message" 1#361 "StreamTemp" 
:2869823:216019337:323752576:6518:"==" "[.data.frame" 1#206 "[" 1#206 "StreamTemp" 
:2909632:216147159:332025904:4582:1#341 "StreamTemp" 
:2949577:216260285:340943288:4994:"[.data.frame" 1#131 "[" 1#131 "StreamTemp" 
:2992112:216400368:350183120:4949:1#204 "StreamTemp" 
:3028137:216515847:357660576:4143:1#339 "StreamTemp" 
:3093315:216712991:372228360:7936:1#338 "StreamTemp" 
:3128415:216825959:379524320:4050:1#342 "StreamTemp" 
:3167634:216936589:388219440:4910:1#339 "StreamTemp" 
:3211324:217079587:397762064:5067:1#140 "$" 1#140 "StreamTemp" 
:3246285:217192555:405036744:4037:"[.data.frame" 1#131 "[" 1#131 "StreamTemp" 
:3292820:217327827:415460136:5769:"[.data.frame" 1#142 "[" 1#142 "StreamTemp" 
:3335979:217469195:424691792:5009:"sapply" 1#213 "StreamTemp" 
:3370809:217580489:431924248:4012:"names" "names" "[.data.frame" 1#143 "[" 1#143 "StreamTemp" 
:3435636:217777215:446410552:7899:1#206 "StreamTemp" 
:3481595:217924909:455959840:5299:".subset" "[.data.frame" 1#160 "[" 1#160 "StreamTemp" 
:3513597:218012491:463335712:4075:"<Anonymous>" "[[.data.frame" "[[" "$.data.frame" 1#140 "$" 1#140 "StreamTemp" 
:2259908:214133400:191188816:2992:1#293 "StreamTemp" 
:2298620:214258082:199229968:4470:1#204 "[" 1#204 "StreamTemp" 
:2339993:214376224:208474728:5163:"ifelse" 1#267 "StreamTemp" 
:2399760:214571124:221264736:6923:"unique" "simplify2array" "sapply" 1#213 "StreamTemp" 
:2459144:214746980:234372824:7242:"length" "length" "[.data.frame" 1#142 "[" 1#142 "StreamTemp" 
:2498685:214877052:242844840:4594:"sapply" 1#213 "StreamTemp" 
:2533792:214990020:250129096:4050:1#213 "sapply" 1#213 "StreamTemp" 
:2599517:215188732:264808040:7996:"==" "[.data.frame" 1#204 "[" 1#204 "StreamTemp" 
:2635054:215302642:272193936:4098:1#143 "[" 1#143 "StreamTemp" 
:2676859:215422239:281570408:5212:"[.data.frame" 1#142 "[" 1#142 "StreamTemp" 
:2718008:215557525:290454080:4788:"[.data.frame" "[" "[.data.frame" 1#206 "[" 1#206 "StreamTemp" 
:2762098:215698108:299575864:5057:"print.default" "print" 1#357 "StreamTemp" 
:2818081:215866800:312263952:6898:1#146 "StreamTemp" 
:2853469:215980814:319599728:4082:"==" "[.data.frame" 1#206 "[" 1#206 "StreamTemp" 
:2918246:216176082:334040336:7873:1#290 "StreamTemp" 
:2961543:216316135:343072240:5015:"[.data.frame" 1#206 "[" 1#206 "StreamTemp" 
:3013890:216469508:354692072:6426:1#143 "[" 1#143 "StreamTemp" 
:3054025:216601248:363322904:4661:"simplify2array" "sapply" 1#213 "StreamTemp" 
:3088999:216713587:370582016:4034:"==" "[.data.frame" 1#204 "[" 1#204 "StreamTemp" 
:3141707:216869942:382527824:6474:1#341 "StreamTemp" 
:3188927:217022236:392359520:5457:1#339 "StreamTemp" 
:3254029:217218962:406897008:7928:1#145 "StreamTemp" 
:3296760:217357033:415788184:4941:1#206 "[" 1#206 "StreamTemp" 
:3335733:217465990:424435480:4870:"match" "%in%" "[[.data.frame" "[[" "$.data.frame" 1#140 "$" 1#140 "StreamTemp" 
:3381113:217615264:434341712:5267:"[.data.frame" 1#132 "[" 1#132 "StreamTemp" 
:3415961:217727813:441566552:4026:"match" "%in%" "[.data.frame" 1#206 "[" 1#206 "StreamTemp" 
:3480602:217923284:456020264:7871:"match.fun" "lapply" "unlist" "unique" "simplify2array" "sapply" 1#213 "StreamTemp" 
:3515792:218036252:463335712:4055:1#339 "StreamTemp" 
:2259949:214129797:190858304:2949:"print.default" "print" 1#357 "StreamTemp" 
:2310273:214280079:202359360:6237:"[.data.frame" 1#204 "[" 1#204 "StreamTemp" 
:2349142:214405181:210442344:4487:"[.data.frame" 1#160 "[" 1#160 "StreamTemp" 
:2413793:214600247:224816760:7865:1#197 "StreamTemp" 
:2468574:214777217:236263608:6329:1#213 "FUN" 1#213 "lapply" "sapply" 1#213 "StreamTemp" 
:2533618:214973837:250807088:7921:"==" "[.data.frame" 1#204 "[" 1#204 "StreamTemp" 
:2584925:215139000:261469824:5925:"==" "[.data.frame" 1#204 "[" 1#204 "StreamTemp" 
:2637034:215292853:273244944:6407:1#136 "StreamTemp" 
:2685446:215449741:283365768:5599:1#284 "StreamTemp" 
:2725713:215563707:292339768:5034:1#143 "[" 1#143 "StreamTemp" 
:2768794:215705461:301706944:5002:1#284 "==" 1#284 "StreamTemp" 
:2804182:215818847:309053640:4079:"match" "%in%" "[.data.frame" 1#143 "[" 1#143 "StreamTemp" 
:2869098:216015573:323559376:7907:1#268 "StreamTemp" 
:2904614:216129795:330940904:4105:"[.data.frame" "[" "[.data.frame" 1#204 "[" 1#204 "StreamTemp" 
:2966892:216316087:344772120:7579:"sys.call" "match" "%in%" "[.data.frame" 1#142 "[" 1#142 "StreamTemp" 
:3004010:216437397:352627800:4313:1#147 "StreamTemp" 
:3038675:216548273:359794232:3976:"sys.call" "match" "%in%" "[.data.frame" 1#160 "[" 1#160 "StreamTemp" 
:3103190:216743743:374246152:7879:"==" "[.data.frame" 1#204 "[" 1#204 "StreamTemp" 
:3138059:216855457:381479728:4008:"[.data.frame" 1#132 "[" 1#132 "StreamTemp" 
:3202626:217050509:395916360:7864:1#136 "StreamTemp" 
:3247330:217194857:405199760:5159:1#296 "StreamTemp" 
:3297145:217341411:416393432:6158:"[.data.frame" 1#143 "[" 1#143 "StreamTemp" 
:3335395:217465639:424540368:4432:1#143 "[.data.frame" 1#143 "[" 1#143 "StreamTemp" 
:3373264:217586557:432365192:4345:"print.default" "print" 1#357 "StreamTemp" 
:3422992:217735166:443741144:6169:1#206 "StreamTemp" 
:3457888:217847297:451004960:4030:"match" "%in%" "[.data.frame" 1#160 "[" 1#160 "StreamTemp" 
:3513709:218011863:463335712:6829:"match" "%in%" "[.data.frame" 1#142 "[" 1#142 "StreamTemp" 
:2256125:214120222:190353912:2526:"all" "[.data.frame" 1#143 "[" 1#143 "StreamTemp" 
:2292025:214236118:197810760:4147:"match" "%in%" "[.data.frame" "[" "[.data.frame" 1#204 "[" 1#204 "StreamTemp" 
:2355363:214426594:211858024:7709:1#237 "StreamTemp" 
:2393199:214549160:219874144:4380:"[.data.frame" 1#131 "[" 1#131 "StreamTemp" 
:2428592:214660036:227146304:4074:"cat" "defaultHandler" "doWithOneRestart" "withOneRestart" "withRestarts" "message" 1#361 "StreamTemp" 
:2494106:214861364:241843784:7981:1#287 "StreamTemp" 
:2532689:214985210:249858224:4451:"[.data.frame" 1#142 "[" 1#142 "StreamTemp" 
:2592248:215164362:263244912:7285:"[.data.frame" 1#204 "[" 1#204 "StreamTemp" 
:2628001:215279422:270675440:4130:"==" "[.data.frame" 1#204 "[" 1#204 "StreamTemp" 
:2667314:215390054:279392064:4918:"names" "names" "[.data.frame" 1#143 "[" 1#143 "StreamTemp" 
:2711374:215535351:289017288:5118:"==" "[.data.frame" 1#204 "[" 1#204 "StreamTemp" 
:2755031:215676144:298084920:5040:1#213 "FUN" 1#213 "lapply" "sapply" 1#213 "StreamTemp" 
:2800934:215809298:308510216:5684:"[[" "$.data.frame" 1#140 "$" 1#140 "StreamTemp" 
:2840194:215937302:316806224:4560:"match" "%in%" "[.data.frame" "[" "[.data.frame" 1#204 "[" 1#204 "StreamTemp" 
:2887738:216074300:327188792:5861:1#160 "[.data.frame" 1#160 "[" 1#160 "StreamTemp" 
:2931430:216218335:336771960:5077:"==" "[.data.frame" 1#204 "[" 1#204 "StreamTemp" 
:2972575:216350760:345316272:4745:"ifelse" 1#267 "StreamTemp" 
:3037551:216547275:359844968:7916:"==" "[.data.frame" 1#204 "[" 1#204 "StreamTemp" 
:3072732:216660662:367151232:4063:"==" "[.data.frame" 1#206 "[" 1#206 "StreamTemp" 
:3119582:216796166:377546232:5784:1#339 "StreamTemp" 
:3161762:216934582:386683192:4903:1#204 "[" 1#204 "StreamTemp" 
:3197020:217047969:393996568:4067:"[.data.frame" 1#206 "[" 1#206 "StreamTemp" 
:3262194:217244903:408556960:7930:"==" "[.data.frame" 1#204 "[" 1#204 "StreamTemp" 
:3297316:217358081:415852416:4053:"match" "%in%" "[.data.frame" 1#206 "[" 1#206 "StreamTemp" 
:3340581:217481248:425469520:5373:"[.data.frame" 1#142 "[" 1#142 "StreamTemp" 
:3395931:217662336:437369856:6412:"[.data.frame" 1#131 "[" 1#131 "StreamTemp" 
:3430590:217771120:444508960:4000:"isNamespace" "asNamespace" "getExportedValue" "::" "format" 1#123 "StreamTemp" 
:3478016:217913872:455429296:5879:1#296 "StreamTemp" 
:3513473:218028513:462806120:4107:1#206 "StreamTemp" 
:3516030:218036462:463335712:291:"names" "[.data.frame" 1#204 "[" 1#204 "StreamTemp" 
:2259892:214128753:190798440:2901:"print.default" "print" 1#357 "StreamTemp" 
:2321897:214317005:204736056:7592:"==" "[.data.frame" 1#204 "[" 1#204 "StreamTemp" 
:2357629:214431751:212152976:4118:"names" "names" "[.data.frame" 1#204 "[" 1#204 "StreamTemp" 
:2417200:214610489:225526336:7275:1#287 "StreamTemp" 
:2459032:214744793:234237808:4830:"$.data.frame" 1#140 "$" 1#140 "StreamTemp" 
:2522424:214935683:248313968:7723:"[.data.frame" 1#160 "[" 1#160 "StreamTemp" 
:2560016:215057833:256252752:4357:1#145 "StreamTemp" 
:2613923:215215315:268041816:6596:"[[.data.frame" "[[" "$.data.frame" 1#140 "$" 1#140 "StreamTemp" 
:2656987:215356649:277415992:4999:1#140 "StreamTemp" 
:2692448:215471290:284769912:4097:"names" "names" "[.data.frame" "[" "[.data.frame" 1#206 "[" 1#206 "StreamTemp" 
:2758320:215670945:299481112:8014:"unlist" "unique" "simplify2array" "sapply" 1#213 "StreamTemp" 
:2810892:215840397:310403016:6075:1#213 "StreamTemp" 
