memory profiling: line profiling: sample.interval=20000
#File 1: /Users/hoy/Desktop/MSUWC/Scripts/msuwcRouting/R/StreamTemp2.r
:2498962:292631427:239549800:6323:"as.matrix.data.frame" "as.matrix" "streamTempLoop" 1#135 "StreamTempCpp" 
:2555856:292645806:258666296:8128:"as.list.default" "as.list" "as.matrix.data.frame" "as.matrix" "streamTempLoop" 1#135 "StreamTempCpp" 
:2584616:298339890:261888200:0:"unlist" "as.matrix.data.frame" "as.matrix" "streamTempLoop" 1#135 "StreamTempCpp" 
:2605053:298375838:268755088:2924:"levels.default" "levels" "as.matrix.data.frame" "as.matrix" "streamTempLoop" 1#135 "StreamTempCpp" 
:2665223:298375838:288972208:8595:"levels" "as.matrix.data.frame" "as.matrix" "streamTempLoop" 1#135 "StreamTempCpp" 
:2714068:304084301:298943008:2870:"unlist" "as.matrix.data.frame" "as.matrix" "streamTempLoop" 1#135 "StreamTempCpp" 
:2739176:304120249:307381032:3592:"levels" "as.matrix.data.frame" "as.matrix" "streamTempLoop" 1#135 "StreamTempCpp" 
:2777464:304120249:320246136:5470:"levels" "as.matrix.data.frame" "as.matrix" "streamTempLoop" 1#135 "StreamTempCpp" 
:2829185:304134628:333593512:5331:"as.matrix.data.frame" "as.matrix" "streamTempLoop" 1#135 "StreamTempCpp" 
:2843536:309828712:336005208:0:"unlist" "as.matrix.data.frame" "as.matrix" "streamTempLoop" 1#135 "StreamTempCpp" 
:2843545:326925343:336008960:0:"<Anonymous>" "streamTempLoop" 1#135 "StreamTempCpp" 
:2873992:326925343:338402344:0:"<Anonymous>" "streamTempLoop" 1#135 "StreamTempCpp" 
:2935107:326925343:343206584:0:"<Anonymous>" "streamTempLoop" 1#135 "StreamTempCpp" 
:2994281:326925343:347854696:0:"<Anonymous>" "streamTempLoop" 1#135 "StreamTempCpp" 
:3055185:326925343:352634520:0:"<Anonymous>" "streamTempLoop" 1#135 "StreamTempCpp" 
:3120860:326925343:357789096:0:"<Anonymous>" "streamTempLoop" 1#135 "StreamTempCpp" 
:3182329:326925343:362620104:0:"<Anonymous>" "streamTempLoop" 1#135 "StreamTempCpp" 
:3243539:326925343:367424176:0:"<Anonymous>" "streamTempLoop" 1#135 "StreamTempCpp" 
:3300852:326925343:371925120:0:"<Anonymous>" "streamTempLoop" 1#135 "StreamTempCpp" 
:3363986:326925343:376875352:0:"<Anonymous>" "streamTempLoop" 1#135 "StreamTempCpp" 
:3425504:326925343:381711736:0:"<Anonymous>" "streamTempLoop" 1#135 "StreamTempCpp" 
:3457748:326594603:384246464:0:"<Anonymous>" "streamTempLoop" 1#135 "StreamTempCpp" 
:2500938:323416505:226765896:0:"<Anonymous>" "streamTempLoop" 1#135 "StreamTempCpp" 
:2571202:323416505:232285984:0:"<Anonymous>" "streamTempLoop" 1#135 "StreamTempCpp" 
:2631186:323416505:236993064:0:"<Anonymous>" "streamTempLoop" 1#135 "StreamTempCpp" 
:2689074:323416505:241538472:0:"<Anonymous>" "streamTempLoop" 1#135 "StreamTempCpp" 
:2748096:323416505:246175440:0:"<Anonymous>" "streamTempLoop" 1#135 "StreamTempCpp" 
:2823217:323416505:252080640:0:"<Anonymous>" "streamTempLoop" 1#135 "StreamTempCpp" 
:2891682:323416505:257447400:0:"<Anonymous>" "streamTempLoop" 1#135 "StreamTempCpp" 
:2953467:323416505:262307976:0:"<Anonymous>" "streamTempLoop" 1#135 "StreamTempCpp" 
:3007458:323416505:266538216:0:"<Anonymous>" "streamTempLoop" 1#135 "StreamTempCpp" 
:3077875:323416505:272070120:0:"<Anonymous>" "streamTempLoop" 1#135 "StreamTempCpp" 
:3132399:323416505:276356136:0:"<Anonymous>" "streamTempLoop" 1#135 "StreamTempCpp" 
:3193647:323416505:281160600:0:"<Anonymous>" "streamTempLoop" 1#135 "StreamTempCpp" 
:3262821:323416505:286597248:0:"<Anonymous>" "streamTempLoop" 1#135 "StreamTempCpp" 
:3321007:323416505:291165336:0:"<Anonymous>" "streamTempLoop" 1#135 "StreamTempCpp" 
:3388677:323416505:296480016:0:"<Anonymous>" "streamTempLoop" 1#135 "StreamTempCpp" 
:3441618:323416505:300628776:0:"<Anonymous>" "streamTempLoop" 1#135 "StreamTempCpp" 
:3512953:323416505:306231744:0:"<Anonymous>" "streamTempLoop" 1#135 "StreamTempCpp" 
:3570939:323416505:310784712:0:"<Anonymous>" "streamTempLoop" 1#135 "StreamTempCpp" 
:3624687:323416505:315011256:0:"<Anonymous>" "streamTempLoop" 1#135 "StreamTempCpp" 
:3688612:323416505:320025216:0:"<Anonymous>" "streamTempLoop" 1#135 "StreamTempCpp" 
:3764203:323416505:325966648:0:"<Anonymous>" "streamTempLoop" 1#135 "StreamTempCpp" 
:3833578:323416505:331408224:0:"<Anonymous>" "streamTempLoop" 1#135 "StreamTempCpp" 
:3897639:323416505:336445704:0:"<Anonymous>" "streamTempLoop" 1#135 "StreamTempCpp" 
:3961284:323416505:341435304:0:"<Anonymous>" "streamTempLoop" 1#135 "StreamTempCpp" 
:4019286:323416505:345989448:0:"<Anonymous>" "streamTempLoop" 1#135 "StreamTempCpp" 
:4103228:323416505:352584848:0:"<Anonymous>" "streamTempLoop" 1#135 "StreamTempCpp" 
:4152260:323416505:356431544:0:"<Anonymous>" "streamTempLoop" 1#135 "StreamTempCpp" 
:4214159:323416505:361298616:0:"<Anonymous>" "streamTempLoop" 1#135 "StreamTempCpp" 
:4291346:323416505:367356136:0:"<Anonymous>" "streamTempLoop" 1#135 "StreamTempCpp" 
:4349178:323416505:371897400:0:"<Anonymous>" "streamTempLoop" 1#135 "StreamTempCpp" 
:4427622:323416505:378054712:0:"<Anonymous>" "streamTempLoop" 1#135 "StreamTempCpp" 
:4486318:323416505:382665360:0:"<Anonymous>" "streamTempLoop" 1#135 "StreamTempCpp" 
:2457692:323416505:223375544:0:"<Anonymous>" "streamTempLoop" 1#135 "StreamTempCpp" 
:2522897:323416505:228498200:0:"<Anonymous>" "streamTempLoop" 1#135 "StreamTempCpp" 
:2586594:323416505:233494016:0:"<Anonymous>" "streamTempLoop" 1#135 "StreamTempCpp" 
:2649087:323416505:238408352:0:"<Anonymous>" "streamTempLoop" 1#135 "StreamTempCpp" 
:2716058:323416505:243657848:0:"<Anonymous>" "streamTempLoop" 1#135 "StreamTempCpp" 
:2773946:323416505:248203256:0:"<Anonymous>" "streamTempLoop" 1#135 "StreamTempCpp" 
:2862710:323416505:255177272:0:"<Anonymous>" "streamTempLoop" 1#135 "StreamTempCpp" 
:2927274:323416505:260250704:0:"<Anonymous>" "streamTempLoop" 1#135 "StreamTempCpp" 
:2991026:323416505:265248536:0:"<Anonymous>" "streamTempLoop" 1#135 "StreamTempCpp" 
:3048914:323416505:269793944:0:"<Anonymous>" "streamTempLoop" 1#135 "StreamTempCpp" 
:3138799:323416505:276858456:0:"<Anonymous>" "streamTempLoop" 1#135 "StreamTempCpp" 
:3203213:323416505:281917160:0:"<Anonymous>" "streamTempLoop" 1#135 "StreamTempCpp" 
:3265994:323416505:286839224:0:"<Anonymous>" "streamTempLoop" 1#135 "StreamTempCpp" 
:3327661:323416505:291689888:0:"<Anonymous>" "streamTempLoop" 1#135 "StreamTempCpp" 
:3393608:323416505:296862944:0:"<Anonymous>" "streamTempLoop" 1#135 "StreamTempCpp" 
:3483680:323416505:303933056:0:"<Anonymous>" "streamTempLoop" 1#135 "StreamTempCpp" 
:3550353:323416505:309175160:0:"<Anonymous>" "streamTempLoop" 1#135 "StreamTempCpp" 
:3613322:323416505:314111672:0:"<Anonymous>" "streamTempLoop" 1#135 "StreamTempCpp" 
:3675287:323416505:318985352:0:"<Anonymous>" "streamTempLoop" 1#135 "StreamTempCpp" 
:3740207:323416505:324079616:0:"<Anonymous>" "streamTempLoop" 1#135 "StreamTempCpp" 
:3801458:323416505:328884248:0:"<Anonymous>" "streamTempLoop" 1#135 "StreamTempCpp" 
:3861388:323416505:333594520:0:"<Anonymous>" "streamTempLoop" 1#135 "StreamTempCpp" 
:3925646:323416505:338644376:0:"<Anonymous>" "streamTempLoop" 1#135 "StreamTempCpp" 
:3989594:323416505:343656824:0:"<Anonymous>" "streamTempLoop" 1#135 "StreamTempCpp" 
:4062986:323416505:349422080:0:"<Anonymous>" "streamTempLoop" 1#135 "StreamTempCpp" 
:4143953:323416505:355784128:0:"<Anonymous>" "streamTempLoop" 1#135 "StreamTempCpp" 
:4206674:323416505:360702104:0:"<Anonymous>" "streamTempLoop" 1#135 "StreamTempCpp" 
:4267403:323416505:365477000:0:"<Anonymous>" "streamTempLoop" 1#135 "StreamTempCpp" 
:4351394:323416505:372065624:0:"<Anonymous>" "streamTempLoop" 1#135 "StreamTempCpp" 
:4423754:323416505:377747384:0:"<Anonymous>" "streamTempLoop" 1#135 "StreamTempCpp" 
:4485763:323416505:382624424:0:"<Anonymous>" "streamTempLoop" 1#135 "StreamTempCpp" 
:2454910:323416505:223157704:0:"<Anonymous>" "streamTempLoop" 1#135 "StreamTempCpp" 
:2515393:323416505:227913280:0:"<Anonymous>" "streamTempLoop" 1#135 "StreamTempCpp" 
:2578751:323416505:232887088:0:"<Anonymous>" "streamTempLoop" 1#135 "StreamTempCpp" 
:2650442:323416505:238516936:0:"<Anonymous>" "streamTempLoop" 1#135 "StreamTempCpp" 
:2719559:323416505:243945016:0:"<Anonymous>" "streamTempLoop" 1#135 "StreamTempCpp" 
:2783193:323416505:248936912:0:"<Anonymous>" "streamTempLoop" 1#135 "StreamTempCpp" 
:2838028:323416505:253247680:0:"<Anonymous>" "streamTempLoop" 1#135 "StreamTempCpp" 
:2898563:323416505:257996368:0:"<Anonymous>" "streamTempLoop" 1#135 "StreamTempCpp" 
:2959963:323416505:262811752:0:"<Anonymous>" "streamTempLoop" 1#135 "StreamTempCpp" 
:3017980:323416505:267367912:0:"<Anonymous>" "streamTempLoop" 1#135 "StreamTempCpp" 
:3075868:323416505:271913320:0:"<Anonymous>" "streamTempLoop" 1#135 "StreamTempCpp" 
:3133756:323416505:276458728:0:"<Anonymous>" "streamTempLoop" 1#135 "StreamTempCpp" 
:3191644:323416505:281004136:0:"<Anonymous>" "streamTempLoop" 1#135 "StreamTempCpp" 
:3250612:323416505:285636848:0:"<Anonymous>" "streamTempLoop" 1#135 "StreamTempCpp" 
:3307948:323416505:290137232:0:"<Anonymous>" "streamTempLoop" 1#135 "StreamTempCpp" 
:3369712:323416505:294994672:0:"<Anonymous>" "streamTempLoop" 1#135 "StreamTempCpp" 
:3432887:323416505:299953528:0:"<Anonymous>" "streamTempLoop" 1#135 "StreamTempCpp" 
:3452159:334804986:301466816:5:1#138 "StreamTempCpp" 
